<?xml version="1.0" encoding="UTF-8"?>
<!-- Generated by org.testng.reporters.JUnitReportReporter -->
<testsuite hostname="LAPTOP-ECIVHE0M" failures="0" tests="1" name="test.TC005_CartAndDelete" time="9.555" errors="0" timestamp="2025-02-28T23:44:40 IST" skipped="0">
  <testcase classname="test.TC005_CartAndDelete" name="cartAndDelete" time="9.555"/>
  <system-out/>
</testsuite> <!-- test.TC005_CartAndDelete -->
