<?xml version="1.0" encoding="UTF-8"?>
<!-- Generated by org.testng.reporters.JUnitReportReporter -->
<testsuite hostname="LAPTOP-ECIVHE0M" failures="0" tests="1" name="test.TC001_SignupTest" time="6.980" errors="0" timestamp="2025-02-28T23:44:40 IST" skipped="0">
  <testcase classname="test.TC001_SignupTest" name="signupTest" time="6.980"/>
  <system-out/>
</testsuite> <!-- test.TC001_SignupTest -->
