<?xml version="1.0" encoding="UTF-8"?>
<!-- Generated by org.testng.reporters.JUnitReportReporter -->
<testsuite hostname="LAPTOP-ECIVHE0M" failures="0" tests="1" name="test.TC005_Cart" time="9.030" errors="0" timestamp="2025-02-25T01:00:18 IST" skipped="0">
  <testcase classname="test.TC005_Cart" name="cartFunctionality" time="9.030"/>
  <system-out/>
</testsuite> <!-- test.TC005_Cart -->
