<?xml version="1.0" encoding="UTF-8"?>
<!-- Generated by org.testng.reporters.JUnitReportReporter -->
<testsuite hostname="LAPTOP-ECIVHE0M" failures="0" tests="1" name="test.TC003_MenuAndCategories" time="8.627" errors="0" timestamp="2025-02-21T00:48:20 IST" skipped="0">
  <testcase classname="test.TC003_MenuAndCategories" name="menuAndCategoriesTest" time="8.627"/>
  <system-out/>
</testsuite> <!-- test.TC003_MenuAndCategories -->
