<?xml version="1.0" encoding="UTF-8"?>
<!-- Generated by org.testng.reporters.JUnitReportReporter -->
<testsuite hostname="LAPTOP-ECIVHE0M" failures="0" tests="1" name="test.TC006_PurchaseAndLogout" time="11.364" errors="0" timestamp="2025-02-25T01:25:45 IST" skipped="0">
  <testcase classname="test.TC006_PurchaseAndLogout" name="purchaseAndLogout" time="11.364"/>
  <system-out/>
</testsuite> <!-- test.TC006_PurchaseAndLogout -->
