<?xml version="1.0" encoding="UTF-8"?>
<!-- Generated by org.testng.reporters.JUnitReportReporter -->
<testsuite hostname="LAPTOP-ECIVHE0M" failures="0" tests="1" name="test.TC006_PurchaseAndLogout" time="12.408" errors="0" timestamp="2025-03-01T19:19:27 IST" skipped="0">
  <testcase classname="test.TC006_PurchaseAndLogout" name="purchaseAndLogout" time="12.408"/>
  <system-out/>
</testsuite> <!-- test.TC006_PurchaseAndLogout -->
