<?xml version="1.0" encoding="UTF-8"?>
<!-- Generated by org.testng.reporters.JUnitReportReporter -->
<testsuite hostname="LAPTOP-ECIVHE0M" failures="0" tests="1" name="test.TC003_MenuAndCategories" time="6.282" errors="0" timestamp="2025-03-01T19:19:27 IST" skipped="0">
  <testcase classname="test.TC003_MenuAndCategories" name="menuAndCategoriesTest" time="6.282"/>
  <system-out/>
</testsuite> <!-- test.TC003_MenuAndCategories -->
